# JRE version: OpenJDK Runtime Environment (8.0_362-b09) (build 1.8.0_362-b09)
# Java VM: OpenJDK 64-Bit Server VM (25.362-b09 mixed mode windows-amd64 compressed oops)
Heap:
 PSYoungGen      total 138240K, used 18546K [0x000000076de00000, 0x000000077ec00000, 0x00000007c0000000)
  eden space 128000K, 14% used [0x000000076de00000,0x000000076f01cb70,0x0000000775b00000)
  from space 10240K, 0% used [0x0000000775b00000,0x0000000775b00000,0x0000000776500000)
  to   space 10240K, 0% used [0x000000077e200000,0x000000077e200000,0x000000077ec00000)
 ParOldGen       total 127488K, used 17555K [0x00000006c9a00000, 0x00000006d1680000, 0x000000076de00000)
  object space 127488K, 13% used [0x00000006c9a00000,0x00000006cab24d10,0x00000006d1680000)
 Metaspace       used 21865K, capacity 22168K, committed 22400K, reserved 1069056K
  class space    used 2761K, capacity 2856K, committed 2944K, reserved 1048576K
GC Heap History (8 events):
Event: 0.441 GC heap before
{Heap before GC invocations=1 (full 0):
 PSYoungGen      total 74240K, used 64000K [0x000000076de00000, 0x0000000773080000, 0x00000007c0000000)
  eden space 64000K, 100% used [0x000000076de00000,0x0000000771c80000,0x0000000771c80000)
  from space 10240K, 0% used [0x0000000772680000,0x0000000772680000,0x0000000773080000)
  to   space 10240K, 0% used [0x0000000771c80000,0x0000000771c80000,0x0000000772680000)
 ParOldGen       total 169472K, used 0K [0x00000006c9a00000, 0x00000006d3f80000, 0x000000076de00000)
  object space 169472K, 0% used [0x00000006c9a00000,0x00000006c9a00000,0x00000006d3f80000)
 Metaspace       used 10173K, capacity 10324K, committed 10624K, reserved 1058816K
  class space    used 1213K, capacity 1288K, committed 1408K, reserved 1048576K
Event: 0.446 GC heap after
Heap after GC invocations=1 (full 0):
 PSYoungGen      total 74240K, used 10229K [0x000000076de00000, 0x0000000776f00000, 0x00000007c0000000)
  eden space 64000K, 0% used [0x000000076de00000,0x000000076de00000,0x0000000771c80000)
  from space 10240K, 99% used [0x0000000771c80000,0x000000077267d668,0x0000000772680000)
  to   space 10240K, 0% used [0x0000000776500000,0x0000000776500000,0x0000000776f00000)
 ParOldGen       total 169472K, used 3774K [0x00000006c9a00000, 0x00000006d3f80000, 0x000000076de00000)
  object space 169472K, 2% used [0x00000006c9a00000,0x00000006c9dafa10,0x00000006d3f80000)
 Metaspace       used 10173K, capacity 10324K, committed 10624K, reserved 1058816K
  class space    used 1213K, capacity 1288K, committed 1408K, reserved 1048576K
}
Event: 0.834 GC heap before
{Heap before GC invocations=2 (full 0):
 PSYoungGen      total 74240K, used 74229K [0x000000076de00000, 0x0000000776f00000, 0x00000007c0000000)
  eden space 64000K, 100% used [0x000000076de00000,0x0000000771c80000,0x0000000771c80000)
  from space 10240K, 99% used [0x0000000771c80000,0x000000077267d668,0x0000000772680000)
  to   space 10240K, 0% used [0x0000000776500000,0x0000000776500000,0x0000000776f00000)
 ParOldGen       total 169472K, used 3774K [0x00000006c9a00000, 0x00000006d3f80000, 0x000000076de00000)
  object space 169472K, 2% used [0x00000006c9a00000,0x00000006c9dafa10,0x00000006d3f80000)
 Metaspace       used 16979K, capacity 17206K, committed 17408K, reserved 1064960K
  class space    used 2142K, capacity 2227K, committed 2304K, reserved 1048576K
Event: 0.841 GC heap after
Heap after GC invocations=2 (full 0):
 PSYoungGen      total 138240K, used 10229K [0x000000076de00000, 0x0000000776f00000, 0x00000007c0000000)
  eden space 128000K, 0% used [0x000000076de00000,0x000000076de00000,0x0000000775b00000)
  from space 10240K, 99% used [0x0000000776500000,0x0000000776efd488,0x0000000776f00000)
  to   space 10240K, 0% used [0x0000000775b00000,0x0000000775b00000,0x0000000776500000)
 ParOldGen       total 169472K, used 11829K [0x00000006c9a00000, 0x00000006d3f80000, 0x000000076de00000)
  object space 169472K, 6% used [0x00000006c9a00000,0x00000006ca58d5d8,0x00000006d3f80000)
 Metaspace       used 16979K, capacity 17206K, committed 17408K, reserved 1064960K
  class space    used 2142K, capacity 2227K, committed 2304K, reserved 1048576K
}
Event: 1.216 GC heap before
{Heap before GC invocations=3 (full 0):
 PSYoungGen      total 138240K, used 59152K [0x000000076de00000, 0x0000000776f00000, 0x00000007c0000000)
  eden space 128000K, 38% used [0x000000076de00000,0x0000000770dc6bc0,0x0000000775b00000)
  from space 10240K, 99% used [0x0000000776500000,0x0000000776efd488,0x0000000776f00000)
  to   space 10240K, 0% used [0x0000000775b00000,0x0000000775b00000,0x0000000776500000)
 ParOldGen       total 169472K, used 11829K [0x00000006c9a00000, 0x00000006d3f80000, 0x000000076de00000)
  object space 169472K, 6% used [0x00000006c9a00000,0x00000006ca58d5d8,0x00000006d3f80000)
 Metaspace       used 20820K, capacity 21068K, committed 21248K, reserved 1067008K
  class space    used 2643K, capacity 2726K, committed 2816K, reserved 1048576K
Event: 1.221 GC heap after
Heap after GC invocations=3 (full 0):
 PSYoungGen      total 138240K, used 10226K [0x000000076de00000, 0x000000077ec00000, 0x00000007c0000000)
  eden space 128000K, 0% used [0x000000076de00000,0x000000076de00000,0x0000000775b00000)
  from space 10240K, 99% used [0x0000000775b00000,0x00000007764fcad8,0x0000000776500000)
  to   space 10240K, 0% used [0x000000077e200000,0x000000077e200000,0x000000077ec00000)
 ParOldGen       total 169472K, used 17601K [0x00000006c9a00000, 0x00000006d3f80000, 0x000000076de00000)
  object space 169472K, 10% used [0x00000006c9a00000,0x00000006cab30420,0x00000006d3f80000)
 Metaspace       used 20820K, capacity 21068K, committed 21248K, reserved 1067008K
  class space    used 2643K, capacity 2726K, committed 2816K, reserved 1048576K
}
Event: 1.221 GC heap before
{Heap before GC invocations=4 (full 1):
 PSYoungGen      total 138240K, used 10226K [0x000000076de00000, 0x000000077ec00000, 0x00000007c0000000)
  eden space 128000K, 0% used [0x000000076de00000,0x000000076de00000,0x0000000775b00000)
  from space 10240K, 99% used [0x0000000775b00000,0x00000007764fcad8,0x0000000776500000)
  to   space 10240K, 0% used [0x000000077e200000,0x000000077e200000,0x000000077ec00000)
 ParOldGen       total 169472K, used 17601K [0x00000006c9a00000, 0x00000006d3f80000, 0x000000076de00000)
  object space 169472K, 10% used [0x00000006c9a00000,0x00000006cab30420,0x00000006d3f80000)
 Metaspace       used 20820K, capacity 21068K, committed 21248K, reserved 1067008K
  class space    used 2643K, capacity 2726K, committed 2816K, reserved 1048576K
Event: 1.246 GC heap after
Heap after GC invocations=4 (full 1):
 PSYoungGen      total 138240K, used 0K [0x000000076de00000, 0x000000077ec00000, 0x00000007c0000000)
  eden space 128000K, 0% used [0x000000076de00000,0x000000076de00000,0x0000000775b00000)
  from space 10240K, 0% used [0x0000000775b00000,0x0000000775b00000,0x0000000776500000)
  to   space 10240K, 0% used [0x000000077e200000,0x000000077e200000,0x000000077ec00000)
 ParOldGen       total 127488K, used 17555K [0x00000006c9a00000, 0x00000006d1680000, 0x000000076de00000)
  object space 127488K, 13% used [0x00000006c9a00000,0x00000006cab24d10,0x00000006d1680000)
 Metaspace       used 20820K, capacity 21068K, committed 21248K, reserved 1067008K
  class space    used 2643K, capacity 2726K, committed 2816K, reserved 1048576K
}

